<?xml version="1.0" encoding="UTF-8" ?>
<testsuite failures="0" time="0.012" errors="0" skipped="0" tests="3" name="br.com.bufunfa.finance.wui.UIContaTest">
  <properties>
    <property name="java.runtime.name" value="OpenJDK Runtime Environment"/>
    <property name="sun.boot.library.path" value="/usr/lib/jvm/java-6-openjdk/jre/lib/i386"/>
    <property name="java.vm.version" value="16.0-b13"/>
    <property name="java.vm.vendor" value="Sun Microsystems Inc."/>
    <property name="java.vendor.url" value="http://java.sun.com/"/>
    <property name="path.separator" value=":"/>
    <property name="java.vm.name" value="OpenJDK Server VM"/>
    <property name="file.encoding.pkg" value="sun.io"/>
    <property name="user.country" value="BR"/>
    <property name="sun.java.launcher" value="SUN_STANDARD"/>
    <property name="sun.os.patch.level" value="unknown"/>
    <property name="java.vm.specification.name" value="Java Virtual Machine Specification"/>
    <property name="user.dir" value="/home/camilo/Ubuntu One/scm/Finance"/>
    <property name="java.runtime.version" value="1.6.0_18-b18"/>
    <property name="java.awt.graphicsenv" value="sun.awt.X11GraphicsEnvironment"/>
    <property name="basedir" value="/home/camilo/Ubuntu One/scm/Finance"/>
    <property name="java.endorsed.dirs" value="/usr/lib/jvm/java-6-openjdk/jre/lib/endorsed"/>
    <property name="os.arch" value="i386"/>
    <property name="surefire.real.class.path" value="/tmp/surefirebooter3264256964826961157.jar"/>
    <property name="java.io.tmpdir" value="/tmp"/>
    <property name="line.separator" value="
"/>
    <property name="java.vm.specification.vendor" value="Sun Microsystems Inc."/>
    <property name="os.name" value="Linux"/>
    <property name="sun.jnu.encoding" value="UTF-8"/>
    <property name="java.library.path" value="/usr/lib/jvm/java-6-openjdk/jre/lib/i386/server:/usr/lib/jvm/java-6-openjdk/jre/lib/i386:/usr/lib/jvm/java-6-openjdk/jre/../lib/i386:/usr/java/packages/lib/i386:/usr/lib/jni:/lib:/usr/lib"/>
    <property name="surefire.test.class.path" value="/home/camilo/Ubuntu One/scm/Finance/target/test-classes:/home/camilo/Ubuntu One/scm/Finance/target/classes:/home/camilo/Ubuntu One/mavenRepository/org/springframework/spring-web/3.0.2.RELEASE/spring-web-3.0.2.RELEASE.jar:/home/camilo/Ubuntu One/mavenRepository/aopalliance/aopalliance/1.0/aopalliance-1.0.jar:/home/camilo/Ubuntu One/mavenRepository/org/springframework/spring-beans/3.0.2.RELEASE/spring-beans-3.0.2.RELEASE.jar:/home/camilo/Ubuntu One/mavenRepository/org/springframework/spring-core/3.0.2.RELEASE/spring-core-3.0.2.RELEASE.jar:/home/camilo/Ubuntu One/mavenRepository/org/springframework/spring-asm/3.0.2.RELEASE/spring-asm-3.0.2.RELEASE.jar:/home/camilo/Ubuntu One/mavenRepository/org/springframework/spring-context/3.0.2.RELEASE/spring-context-3.0.2.RELEASE.jar:/home/camilo/Ubuntu One/mavenRepository/org/springframework/spring-aop/3.0.2.RELEASE/spring-aop-3.0.2.RELEASE.jar:/home/camilo/Ubuntu One/mavenRepository/org/springframework/spring-expression/3.0.2.RELEASE/spring-expression-3.0.2.RELEASE.jar:/home/camilo/Ubuntu One/mavenRepository/com/sun/facelets/jsf-facelets/1.1.14/jsf-facelets-1.1.14.jar:/home/camilo/Ubuntu One/mavenRepository/javax/faces/jsf-api/1.2_13/jsf-api-1.2_13.jar:/home/camilo/Ubuntu One/mavenRepository/javax/faces/jsf-impl/1.2_13/jsf-impl-1.2_13.jar:/home/camilo/Ubuntu One/mavenRepository/javax/el/el-api/1.1/el-api-1.1.jar:/home/camilo/Ubuntu One/mavenRepository/org/glassfish/web/el-impl/1.1/el-impl-1.1.jar:/home/camilo/Ubuntu One/mavenRepository/org/primefaces/primefaces/1.1/primefaces-1.1.jar:/home/camilo/Ubuntu One/mavenRepository/junit/junit/4.8.1/junit-4.8.1.jar:/home/camilo/Ubuntu One/mavenRepository/log4j/log4j/1.2.15/log4j-1.2.15.jar:/home/camilo/Ubuntu One/mavenRepository/org/slf4j/slf4j-api/1.6.0/slf4j-api-1.6.0.jar:/home/camilo/Ubuntu One/mavenRepository/org/slf4j/jcl-over-slf4j/1.6.0/jcl-over-slf4j-1.6.0.jar:/home/camilo/Ubuntu One/mavenRepository/org/slf4j/slf4j-log4j12/1.6.0/slf4j-log4j12-1.6.0.jar:/home/camilo/Ubuntu One/mavenRepository/org/aspectj/aspectjrt/1.6.9.M2/aspectjrt-1.6.9.M2.jar:/home/camilo/Ubuntu One/mavenRepository/javax/servlet/servlet-api/2.5/servlet-api-2.5.jar:/home/camilo/Ubuntu One/mavenRepository/org/springframework/roo/org.springframework.roo.annotations/1.1.0.M1/org.springframework.roo.annotations-1.1.0.M1.jar:/home/camilo/Ubuntu One/mavenRepository/org/springframework/spring-test/3.0.2.RELEASE/spring-test-3.0.2.RELEASE.jar:/home/camilo/Ubuntu One/mavenRepository/org/springframework/spring-aspects/3.0.2.RELEASE/spring-aspects-3.0.2.RELEASE.jar:/home/camilo/Ubuntu One/mavenRepository/org/springframework/spring-context-support/3.0.2.RELEASE/spring-context-support-3.0.2.RELEASE.jar:/home/camilo/Ubuntu One/mavenRepository/org/springframework/spring-tx/3.0.2.RELEASE/spring-tx-3.0.2.RELEASE.jar:/home/camilo/Ubuntu One/mavenRepository/javax/persistence/persistence-api/1.0/persistence-api-1.0.jar:/home/camilo/Ubuntu One/mavenRepository/org/datanucleus/datanucleus-core/1.1.6/datanucleus-core-1.1.6.jar:/home/camilo/Ubuntu One/mavenRepository/org/datanucleus/datanucleus-jpa/1.1.5/datanucleus-jpa-1.1.5.jar:/home/camilo/Ubuntu One/mavenRepository/org/apache/geronimo/specs/geronimo-jpa_3.0_spec/1.1.1/geronimo-jpa_3.0_spec-1.1.1.jar:/home/camilo/Ubuntu One/mavenRepository/org/datanucleus/datanucleus-rdbms/1.1.6/datanucleus-rdbms-1.1.6.jar:/home/camilo/Ubuntu One/mavenRepository/javax/transaction/transaction-api/1.1/transaction-api-1.1.jar:/home/camilo/Ubuntu One/mavenRepository/org/datanucleus/datanucleus-enhancer/1.1.4/datanucleus-enhancer-1.1.4.jar:/home/camilo/Ubuntu One/mavenRepository/asm/asm/3.3/asm-3.3.jar:/home/camilo/Ubuntu One/mavenRepository/javax/jdo/jdo2-api/2.3-eb/jdo2-api-2.3-eb.jar:/home/camilo/Ubuntu One/mavenRepository/org/hibernate/hibernate-validator/4.0.2.GA/hibernate-validator-4.0.2.GA.jar:/home/camilo/Ubuntu One/mavenRepository/javax/validation/validation-api/1.0.0.GA/validation-api-1.0.0.GA.jar:/home/camilo/Ubuntu One/mavenRepository/cglib/cglib-nodep/2.2/cglib-nodep-2.2.jar:/home/camilo/Ubuntu One/mavenRepository/javax/transaction/jta/1.1/jta-1.1.jar:/home/camilo/Ubuntu One/mavenRepository/org/springframework/spring-jdbc/3.0.2.RELEASE/spring-jdbc-3.0.2.RELEASE.jar:/home/camilo/Ubuntu One/mavenRepository/org/springframework/spring-orm/3.0.2.RELEASE/spring-orm-3.0.2.RELEASE.jar:/home/camilo/Ubuntu One/mavenRepository/commons-pool/commons-pool/1.5.4/commons-pool-1.5.4.jar:/home/camilo/Ubuntu One/mavenRepository/commons-dbcp/commons-dbcp/1.3/commons-dbcp-1.3.jar:/home/camilo/Ubuntu One/mavenRepository/org/hsqldb/hsqldb/1.8.0.10/hsqldb-1.8.0.10.jar:/home/camilo/Ubuntu One/mavenRepository/org/springframework/spring-webmvc/3.0.2.RELEASE/spring-webmvc-3.0.2.RELEASE.jar:/home/camilo/Ubuntu One/mavenRepository/org/springframework/webflow/spring-js/2.0.8.RELEASE/spring-js-2.0.8.RELEASE.jar:/home/camilo/Ubuntu One/mavenRepository/commons-digester/commons-digester/2.0/commons-digester-2.0.jar:/home/camilo/Ubuntu One/mavenRepository/commons-beanutils/commons-beanutils/1.8.0/commons-beanutils-1.8.0.jar:/home/camilo/Ubuntu One/mavenRepository/commons-fileupload/commons-fileupload/1.2.1/commons-fileupload-1.2.1.jar:/home/camilo/Ubuntu One/mavenRepository/javax/servlet/jstl/1.2/jstl-1.2.jar:/home/camilo/Ubuntu One/mavenRepository/joda-time/joda-time/1.6/joda-time-1.6.jar:"/>
    <property name="java.specification.name" value="Java Platform API Specification"/>
    <property name="java.class.version" value="50.0"/>
    <property name="sun.management.compiler" value="HotSpot Tiered Compilers"/>
    <property name="os.version" value="2.6.32-25-generic-pae"/>
    <property name="user.home" value="/home/camilo"/>
    <property name="user.timezone" value="America/Recife"/>
    <property name="java.awt.printerjob" value="sun.print.PSPrinterJob"/>
    <property name="file.encoding" value="UTF-8"/>
    <property name="java.specification.version" value="1.6"/>
    <property name="user.name" value="camilo"/>
    <property name="java.class.path" value="/home/camilo/Ubuntu One/scm/Finance/target/test-classes:/home/camilo/Ubuntu One/scm/Finance/target/classes:/home/camilo/Ubuntu One/mavenRepository/org/springframework/spring-web/3.0.2.RELEASE/spring-web-3.0.2.RELEASE.jar:/home/camilo/Ubuntu One/mavenRepository/aopalliance/aopalliance/1.0/aopalliance-1.0.jar:/home/camilo/Ubuntu One/mavenRepository/org/springframework/spring-beans/3.0.2.RELEASE/spring-beans-3.0.2.RELEASE.jar:/home/camilo/Ubuntu One/mavenRepository/org/springframework/spring-core/3.0.2.RELEASE/spring-core-3.0.2.RELEASE.jar:/home/camilo/Ubuntu One/mavenRepository/org/springframework/spring-asm/3.0.2.RELEASE/spring-asm-3.0.2.RELEASE.jar:/home/camilo/Ubuntu One/mavenRepository/org/springframework/spring-context/3.0.2.RELEASE/spring-context-3.0.2.RELEASE.jar:/home/camilo/Ubuntu One/mavenRepository/org/springframework/spring-aop/3.0.2.RELEASE/spring-aop-3.0.2.RELEASE.jar:/home/camilo/Ubuntu One/mavenRepository/org/springframework/spring-expression/3.0.2.RELEASE/spring-expression-3.0.2.RELEASE.jar:/home/camilo/Ubuntu One/mavenRepository/com/sun/facelets/jsf-facelets/1.1.14/jsf-facelets-1.1.14.jar:/home/camilo/Ubuntu One/mavenRepository/javax/faces/jsf-api/1.2_13/jsf-api-1.2_13.jar:/home/camilo/Ubuntu One/mavenRepository/javax/faces/jsf-impl/1.2_13/jsf-impl-1.2_13.jar:/home/camilo/Ubuntu One/mavenRepository/javax/el/el-api/1.1/el-api-1.1.jar:/home/camilo/Ubuntu One/mavenRepository/org/glassfish/web/el-impl/1.1/el-impl-1.1.jar:/home/camilo/Ubuntu One/mavenRepository/org/primefaces/primefaces/1.1/primefaces-1.1.jar:/home/camilo/Ubuntu One/mavenRepository/junit/junit/4.8.1/junit-4.8.1.jar:/home/camilo/Ubuntu One/mavenRepository/log4j/log4j/1.2.15/log4j-1.2.15.jar:/home/camilo/Ubuntu One/mavenRepository/org/slf4j/slf4j-api/1.6.0/slf4j-api-1.6.0.jar:/home/camilo/Ubuntu One/mavenRepository/org/slf4j/jcl-over-slf4j/1.6.0/jcl-over-slf4j-1.6.0.jar:/home/camilo/Ubuntu One/mavenRepository/org/slf4j/slf4j-log4j12/1.6.0/slf4j-log4j12-1.6.0.jar:/home/camilo/Ubuntu One/mavenRepository/org/aspectj/aspectjrt/1.6.9.M2/aspectjrt-1.6.9.M2.jar:/home/camilo/Ubuntu One/mavenRepository/javax/servlet/servlet-api/2.5/servlet-api-2.5.jar:/home/camilo/Ubuntu One/mavenRepository/org/springframework/roo/org.springframework.roo.annotations/1.1.0.M1/org.springframework.roo.annotations-1.1.0.M1.jar:/home/camilo/Ubuntu One/mavenRepository/org/springframework/spring-test/3.0.2.RELEASE/spring-test-3.0.2.RELEASE.jar:/home/camilo/Ubuntu One/mavenRepository/org/springframework/spring-aspects/3.0.2.RELEASE/spring-aspects-3.0.2.RELEASE.jar:/home/camilo/Ubuntu One/mavenRepository/org/springframework/spring-context-support/3.0.2.RELEASE/spring-context-support-3.0.2.RELEASE.jar:/home/camilo/Ubuntu One/mavenRepository/org/springframework/spring-tx/3.0.2.RELEASE/spring-tx-3.0.2.RELEASE.jar:/home/camilo/Ubuntu One/mavenRepository/javax/persistence/persistence-api/1.0/persistence-api-1.0.jar:/home/camilo/Ubuntu One/mavenRepository/org/datanucleus/datanucleus-core/1.1.6/datanucleus-core-1.1.6.jar:/home/camilo/Ubuntu One/mavenRepository/org/datanucleus/datanucleus-jpa/1.1.5/datanucleus-jpa-1.1.5.jar:/home/camilo/Ubuntu One/mavenRepository/org/apache/geronimo/specs/geronimo-jpa_3.0_spec/1.1.1/geronimo-jpa_3.0_spec-1.1.1.jar:/home/camilo/Ubuntu One/mavenRepository/org/datanucleus/datanucleus-rdbms/1.1.6/datanucleus-rdbms-1.1.6.jar:/home/camilo/Ubuntu One/mavenRepository/javax/transaction/transaction-api/1.1/transaction-api-1.1.jar:/home/camilo/Ubuntu One/mavenRepository/org/datanucleus/datanucleus-enhancer/1.1.4/datanucleus-enhancer-1.1.4.jar:/home/camilo/Ubuntu One/mavenRepository/asm/asm/3.3/asm-3.3.jar:/home/camilo/Ubuntu One/mavenRepository/javax/jdo/jdo2-api/2.3-eb/jdo2-api-2.3-eb.jar:/home/camilo/Ubuntu One/mavenRepository/org/hibernate/hibernate-validator/4.0.2.GA/hibernate-validator-4.0.2.GA.jar:/home/camilo/Ubuntu One/mavenRepository/javax/validation/validation-api/1.0.0.GA/validation-api-1.0.0.GA.jar:/home/camilo/Ubuntu One/mavenRepository/cglib/cglib-nodep/2.2/cglib-nodep-2.2.jar:/home/camilo/Ubuntu One/mavenRepository/javax/transaction/jta/1.1/jta-1.1.jar:/home/camilo/Ubuntu One/mavenRepository/org/springframework/spring-jdbc/3.0.2.RELEASE/spring-jdbc-3.0.2.RELEASE.jar:/home/camilo/Ubuntu One/mavenRepository/org/springframework/spring-orm/3.0.2.RELEASE/spring-orm-3.0.2.RELEASE.jar:/home/camilo/Ubuntu One/mavenRepository/commons-pool/commons-pool/1.5.4/commons-pool-1.5.4.jar:/home/camilo/Ubuntu One/mavenRepository/commons-dbcp/commons-dbcp/1.3/commons-dbcp-1.3.jar:/home/camilo/Ubuntu One/mavenRepository/org/hsqldb/hsqldb/1.8.0.10/hsqldb-1.8.0.10.jar:/home/camilo/Ubuntu One/mavenRepository/org/springframework/spring-webmvc/3.0.2.RELEASE/spring-webmvc-3.0.2.RELEASE.jar:/home/camilo/Ubuntu One/mavenRepository/org/springframework/webflow/spring-js/2.0.8.RELEASE/spring-js-2.0.8.RELEASE.jar:/home/camilo/Ubuntu One/mavenRepository/commons-digester/commons-digester/2.0/commons-digester-2.0.jar:/home/camilo/Ubuntu One/mavenRepository/commons-beanutils/commons-beanutils/1.8.0/commons-beanutils-1.8.0.jar:/home/camilo/Ubuntu One/mavenRepository/commons-fileupload/commons-fileupload/1.2.1/commons-fileupload-1.2.1.jar:/home/camilo/Ubuntu One/mavenRepository/javax/servlet/jstl/1.2/jstl-1.2.jar:/home/camilo/Ubuntu One/mavenRepository/joda-time/joda-time/1.6/joda-time-1.6.jar:"/>
    <property name="java.vm.specification.version" value="1.0"/>
    <property name="sun.arch.data.model" value="32"/>
    <property name="java.home" value="/usr/lib/jvm/java-6-openjdk/jre"/>
    <property name="java.specification.vendor" value="Sun Microsystems Inc."/>
    <property name="user.language" value="pt"/>
    <property name="java.vm.info" value="mixed mode"/>
    <property name="java.version" value="1.6.0_18"/>
    <property name="java.ext.dirs" value="/usr/lib/jvm/java-6-openjdk/jre/lib/ext:/usr/java/packages/lib/ext"/>
    <property name="sun.boot.class.path" value="/usr/lib/jvm/java-6-openjdk/jre/lib/resources.jar:/usr/lib/jvm/java-6-openjdk/jre/lib/rt.jar:/usr/lib/jvm/java-6-openjdk/jre/lib/sunrsasign.jar:/usr/lib/jvm/java-6-openjdk/jre/lib/jsse.jar:/usr/lib/jvm/java-6-openjdk/jre/lib/jce.jar:/usr/lib/jvm/java-6-openjdk/jre/lib/charsets.jar:/usr/lib/jvm/java-6-openjdk/jre/lib/rhino.jar:/usr/lib/jvm/java-6-openjdk/jre/classes"/>
    <property name="java.vendor" value="Sun Microsystems Inc."/>
    <property name="localRepository" value="/home/camilo/Ubuntu One/mavenRepository/"/>
    <property name="file.separator" value="/"/>
    <property name="java.vendor.url.bug" value="http://java.sun.com/cgi-bin/bugreport.cgi"/>
    <property name="sun.cpu.endian" value="little"/>
    <property name="sun.io.unicode.encoding" value="UnicodeLittle"/>
    <property name="sun.desktop" value="gnome"/>
    <property name="sun.cpu.isalist" value=""/>
  </properties>
  <testcase time="0.002" classname="br.com.bufunfa.finance.wui.UIContaTest" name="testDefault"/>
  <testcase time="0.004" classname="br.com.bufunfa.finance.wui.UIContaTest" name="testFindNoByNome"/>
  <testcase time="0" classname="br.com.bufunfa.finance.wui.UIContaTest" name="testInsertNodeIntoTree"/>
</testsuite>